<?xml version="1.0" encoding="UTF-8"?>
<testsuites>
    <testsuite name="force.apex" timestamp="2019-09-02T20:59:24+02:00" hostname="https://nicolasvandenbossche-dev-ed.my.salesforce.com" tests="93" failures="1"  errors="0"  time="35">
        <properties>
            <property name="outcome" value="Failed"/>
            <property name="testsRan" value="93"/>
            <property name="passing" value="92"/>
            <property name="failing" value="1"/>
            <property name="skipped" value="0"/>
            <property name="passRate" value="99%"/>
            <property name="failRate" value="1%"/>
            <property name="testStartTime" value="Sep 2, 2019 8:59 PM"/>
            <property name="testExecutionTime" value="35 s"/>
            <property name="testTotalTime" value="33.52 s"/>
            <property name="commandTime" value="16.17 s"/>
            <property name="hostname" value="https://nicolasvandenbossche-dev-ed.my.salesforce.com"/>
            <property name="orgId" value="00D24000000I77vEAC"/>
            <property name="username" value="n.vanden.bossche@accenture.com"/>
            <property name="testRunId" value="7071p00009szM9o"/>
            <property name="userId" value="00524000000QgrlAAC"/>
        </properties>
        <testcase name="testGetAccount" classname="AccountManagerTest" time="1.07">
        </testcase>
        <testcase name="testContactCount" classname="AccountProcessorTest" time="0.66">
        </testcase>
        <testcase name="testPrimaryContact" classname="AddPrimaryContactTest" time="2.26">
        </testcase>
        <testcase name="testGetCallout" classname="AnimalLocatorTest" time="0.15">
        </testcase>
        <testcase name="testGetCallout" classname="AnimalsCalloutsTest" time="0.03">
        </testcase>
        <testcase name="testPostCallout" classname="AnimalsCalloutsTest" time="0.01">
        </testcase>
        <testcase name="testCallout" classname="AwesomeCalculatorTest" time="0.04">
        </testcase>
        <testcase name="testCreateCase" classname="CaseManagerTest" time="0.5">
        </testcase>
        <testcase name="testDeleteCase" classname="CaseManagerTest" time="0.28">
        </testcase>
        <testcase name="testGetCaseById" classname="CaseManagerTest" time="0.06">
        </testcase>
        <testcase name="testUpdateCaseFields" classname="CaseManagerTest" time="0.1">
        </testcase>
        <testcase name="testUpsertCase" classname="CaseManagerTest" time="0.09">
        </testcase>
        <testcase name="testChangePasswordController" classname="ChangePasswordControllerTest" time="0.01">
        </testcase>
        <testcase name="testCommunitiesLandingController" classname="CommunitiesLandingControllerTest" time="0.02">
        </testcase>
        <testcase name="testCommunitiesLoginController" classname="CommunitiesLoginControllerTest" time="0.03">
        </testcase>
        <testcase name="testCommunitiesSelfRegConfirmController" classname="CommunitiesSelfRegConfirmControllerTest" time="0.01">
        </testcase>
        <testcase name="testCommunitiesSelfRegController" classname="CommunitiesSelfRegControllerTest" time="0.03">
        </testcase>
        <testcase name="testDailyLeadProcessor" classname="DailyLeadProcessorTest" time="3.58">
        </testcase>
        <testcase name="testForgotPasswordController" classname="ForgotPasswordControllerTest" time="0.02">
        </testcase>
        <testcase name="testGetAssetClasses" classname="FundControllerTest" time="0.08">
        </testcase>
        <testcase name="testGetFunds" classname="FundControllerTest" time="0.13">
        </testcase>
        <testcase name="testGetSectors" classname="FundControllerTest" time="0.03">
        </testcase>
        <testcase name="testLeadProcessorBatch" classname="LeadProcessorTest" time="3.13">
        </testcase>
        <testcase name="LightningForgotPasswordControllerInstantiation" classname="LightningForgotPasswordControllerTest" time="0.01">
        </testcase>
        <testcase name="testLightningForgotPasswordControllerInvalidUserName" classname="LightningForgotPasswordControllerTest" time="0.01">
        </testcase>
        <testcase name="testLightningForgotPasswordControllerWithNullCheckEmailRef" classname="LightningForgotPasswordControllerTest" time="0.01">
        </testcase>
        <testcase name="LightningLoginFormControllerInstantiation" classname="LightningLoginFormControllerTest" time="0.02">
        </testcase>
        <testcase name="testAuthConfig" classname="LightningLoginFormControllerTest" time="0.02">
        </testcase>
        <testcase name="testGetSelfRegistrationURL" classname="LightningLoginFormControllerTest" time="0.01">
        </testcase>
        <testcase name="testIsSelfRegistrationEnabled" classname="LightningLoginFormControllerTest" time="0.01">
        </testcase>
        <testcase name="testIsUsernamePasswordEnabled" classname="LightningLoginFormControllerTest" time="0.02">
        </testcase>
        <testcase name="testLoginWithInvalidCredentials" classname="LightningLoginFormControllerTest" time="0.01">
        </testcase>
        <testcase name="LightningSelfRegisterControllerInstantiation" classname="LightningSelfRegisterControllerTest" time="0.03">
        </testcase>
        <testcase name="testGetExtraFieldsInSelfRegistration" classname="LightningSelfRegisterControllerTest" time="2.3">
        </testcase>
        <testcase name="testGetNonEmptyExtraFields" classname="LightningSelfRegisterControllerTest" time="0.01">
        </testcase>
        <testcase name="testGetNullExtraFields" classname="LightningSelfRegisterControllerTest" time="0.01">
        </testcase>
        <testcase name="testIsValidPassword" classname="LightningSelfRegisterControllerTest" time="0.01">
        </testcase>
        <testcase name="testSelfRegisterWithCreatedAccount" classname="LightningSelfRegisterControllerTest" time="0.26">
        </testcase>
        <testcase name="testSelfRegisterWithProperCredentials" classname="LightningSelfRegisterControllerTest" time="0.01">
        </testcase>
        <testcase name="testSelfRegistration" classname="LightningSelfRegisterControllerTest" time="0.01">
        </testcase>
        <testcase name="testSiteAsContainerEnabled" classname="LightningSelfRegisterControllerTest" time="0.05">
        </testcase>
        <testcase name="testSave" classname="MyProfilePageControllerTest" time="3.83">
        </testcase>
        <testcase name="testGermany" classname="ParkLocatorTest" time="0.04">
        </testcase>
        <testcase name="testSiteLoginController" classname="SiteLoginControllerTest" time="0.02">
        </testcase>
        <testcase name="testRegistration" classname="SiteRegisterControllerTest" time="0.02">
        </testcase>
        <testcase name="testCreateAndUpdateEmployee" classname="TestEmployeeChangeTrigger" time="0.83">
        </testcase>
        <testcase name="tester" classname="TestLightningConnectQuickstart" time="0.89">
        </testcase>
        <testcase name="testCreateAndUpdateEmployee" classname="TestOpportunityChangeTrigger" time="0.87">
            <failure message="System.AssertException: Assertion Failed: The change event trigger did not create the expected task.: Expected: 1, Actual: 2"><![CDATA[Class.TestOpportunityChangeTrigger.testCreateAndUpdateEmployee: line 32, column 1]]></failure>
        </testcase>
        <testcase name="testGetOrderItems" classname="TestOrderController" time="0.06">
        </testcase>
        <testcase name="testGetProducts" classname="TestProductController" time="0.07">
        </testcase>
        <testcase name="testGetSimilarProducts" classname="TestProductController" time="0.04">
        </testcase>
        <testcase name="insertInvalidContact" classname="TestRestrictContactByName" time="0.18">
        </testcase>
        <testcase name="updateInvalidContact" classname="TestRestrictContactByName" time="0.44">
        </testcase>
        <testcase name="dateBefore" classname="TestVerifyDate" time="0.02">
        </testcase>
        <testcase name="outsideThirtyDays" classname="TestVerifyDate" time="0.02">
        </testcase>
        <testcase name="withinThirtyDays" classname="TestVerifyDate" time="0.02">
        </testcase>
        <testcase name="testEffortDetails" classname="Test_effortDetails" time="1.15">
        </testcase>
        <testcase name="apiUsage" classname="Test_Einstein" time="0.1">
        </testcase>
        <testcase name="createDataset" classname="Test_Einstein" time="0.08">
        </testcase>
        <testcase name="createExample" classname="Test_Einstein" time="0.04">
        </testcase>
        <testcase name="createExamplesFromUrl" classname="Test_Einstein" time="0.03">
        </testcase>
        <testcase name="createFeedback" classname="Test_Einstein" time="0.04">
        </testcase>
        <testcase name="deleteDataset" classname="Test_Einstein" time="0.01">
        </testcase>
        <testcase name="exampleTestMethod" classname="Test_Einstein" time="0.1">
        </testcase>
        <testcase name="getAccessToken_failsWithoutEmailSetting" classname="Test_Einstein" time="0.02">
        </testcase>
        <testcase name="getAccessToken_works" classname="Test_Einstein" time="0.42">
        </testcase>
        <testcase name="getDataset" classname="Test_Einstein" time="0.02">
        </testcase>
        <testcase name="getDatasets" classname="Test_Einstein" time="0.02">
        </testcase>
        <testcase name="getExamples" classname="Test_Einstein" time="0.02">
        </testcase>
        <testcase name="getModel" classname="Test_Einstein" time="0.05">
        </testcase>
        <testcase name="getModelLearningCurve" classname="Test_Einstein" time="0.02">
        </testcase>
        <testcase name="getModelMetrics" classname="Test_Einstein" time="0.02">
        </testcase>
        <testcase name="getModels" classname="Test_Einstein" time="0.01">
        </testcase>
        <testcase name="playgroundValidation" classname="Test_Einstein" time="0.16">
        </testcase>
        <testcase name="predictImages" classname="Test_Einstein" time="0.06">
        </testcase>
        <testcase name="predictLanguage" classname="Test_Einstein" time="0.02">
        </testcase>
        <testcase name="retrainDataset" classname="Test_Einstein" time="0.06">
        </testcase>
        <testcase name="testContentDistributionTrigger" classname="Test_Einstein" time="0.71">
        </testcase>
        <testcase name="testJWT" classname="Test_Einstein" time="0.01">
        </testcase>
        <testcase name="testOtherMethods" classname="Test_Einstein" time="0.06">
        </testcase>
        <testcase name="testPBLanguage" classname="Test_Einstein" time="0.46">
        </testcase>
        <testcase name="testPBLanguageFeedback" classname="Test_Einstein" time="0.08">
        </testcase>
        <testcase name="testPGgetModelMetrics" classname="Test_Einstein" time="0.06">
        </testcase>
        <testcase name="testPGObjectFields" classname="Test_Einstein" time="0.08">
        </testcase>
        <testcase name="testPGObjectOptions" classname="Test_Einstein" time="0.37">
        </testcase>
        <testcase name="testPGOtherMethods" classname="Test_Einstein" time="0.07">
        </testcase>
        <testcase name="trainDataset" classname="Test_Einstein" time="0.02">
        </testcase>
        <testcase name="testPMOTaskAssignment" classname="Test_PMO_Task_Assignment" time="3.44">
        </testcase>
        <testcase name="testDeleteRequest" classname="Test_updateReleaseLOE" time="1.6">
        </testcase>
        <testcase name="testInsertRequest" classname="Test_updateReleaseLOE" time="0.75">
        </testcase>
        <testcase name="testUpdateRequest" classname="Test_updateReleaseLOE" time="2.4">
        </testcase>
        <testcase name="test_method_one" classname="VerifyDateTest" time="0.01">
        </testcase>
        <testcase name="test_method_two" classname="VerifyDateTest" time="0.01">
        </testcase>
    </testsuite>
</testsuites>
